2016-10-18 15:09:08,003 INFO  [org.springframework.test.context.TestContextManager:234] Could not instantiate TestExecutionListener class [org.springframework.test.context.web.ServletTestExecutionListener]. Specify custom listener classes or make the default listener classes (and their dependencies) available.
2016-10-18 15:09:08,111 INFO  [org.springframework.beans.factory.xml.XmlBeanDefinitionReader:316] Loading XML bean definitions from class path resource [applicationContext.xml]
2016-10-18 15:09:08,290 INFO  [org.springframework.beans.factory.xml.XmlBeanDefinitionReader:316] Loading XML bean definitions from class path resource [provider.xml]
2016-10-18 15:09:08,383 INFO  [com.alibaba.dubbo.common.logger.LoggerFactory:42] using logger: com.alibaba.dubbo.common.logger.slf4j.Slf4jLoggerAdapter
2016-10-18 15:09:08,437 INFO  [org.springframework.beans.factory.xml.XmlBeanDefinitionReader:316] Loading XML bean definitions from class path resource [daoContext.xml]
2016-10-18 15:09:08,488 INFO  [org.springframework.beans.factory.xml.XmlBeanDefinitionReader:316] Loading XML bean definitions from class path resource [beans.xml]
2016-10-18 15:09:08,505 INFO  [org.springframework.context.support.GenericApplicationContext:513] Refreshing org.springframework.context.support.GenericApplicationContext@6638c07a: startup date [Tue Oct 18 15:09:08 CST 2016]; root of context hierarchy
2016-10-18 15:09:08,673 INFO  [org.springframework.context.support.PropertySourcesPlaceholderConfigurer:172] Loading properties file from URL [file:/F:/giteclipse/erpcenter/erpcenterDAL-basic/target/classes/dubboConf.properties]
2016-10-18 15:09:08,678 INFO  [org.springframework.context.support.PropertySourcesPlaceholderConfigurer:172] Loading properties file from URL [file:/F:/giteclipse/erpcenter/erpcenterDAL-basic/target/classes/jdbc.properties]
2016-10-18 15:09:08,927 ERROR [org.springframework.test.context.TestContextManager:322] Caught exception while allowing TestExecutionListener [org.springframework.test.context.support.DependencyInjectionTestExecutionListener@77084cb5] to prepare test instance [com.yimayhd.erpcenter.dal.basic.AirLineServiceTest@41e43c20]
java.lang.IllegalStateException: Failed to load ApplicationContext
	at org.springframework.test.context.CacheAwareContextLoaderDelegate.loadContext(CacheAwareContextLoaderDelegate.java:99)
	at org.springframework.test.context.DefaultTestContext.getApplicationContext(DefaultTestContext.java:101)
	at org.springframework.test.context.support.DependencyInjectionTestExecutionListener.injectDependencies(DependencyInjectionTestExecutionListener.java:109)
	at org.springframework.test.context.support.DependencyInjectionTestExecutionListener.prepareTestInstance(DependencyInjectionTestExecutionListener.java:75)
	at org.springframework.test.context.TestContextManager.prepareTestInstance(TestContextManager.java:319)
	at org.springframework.test.context.junit4.SpringJUnit4ClassRunner.createTest(SpringJUnit4ClassRunner.java:212)
	at org.springframework.test.context.junit4.SpringJUnit4ClassRunner$1.runReflectiveCall(SpringJUnit4ClassRunner.java:289)
	at org.junit.internal.runners.model.ReflectiveCallable.run(ReflectiveCallable.java:12)
	at org.springframework.test.context.junit4.SpringJUnit4ClassRunner.methodBlock(SpringJUnit4ClassRunner.java:291)
	at org.springframework.test.context.junit4.SpringJUnit4ClassRunner.runChild(SpringJUnit4ClassRunner.java:232)
	at org.springframework.test.context.junit4.SpringJUnit4ClassRunner.runChild(SpringJUnit4ClassRunner.java:89)
	at org.junit.runners.ParentRunner$3.run(ParentRunner.java:238)
	at org.junit.runners.ParentRunner$1.schedule(ParentRunner.java:63)
	at org.junit.runners.ParentRunner.runChildren(ParentRunner.java:236)
	at org.junit.runners.ParentRunner.access$000(ParentRunner.java:53)
	at org.junit.runners.ParentRunner$2.evaluate(ParentRunner.java:229)
	at org.springframework.test.context.junit4.statements.RunBeforeTestClassCallbacks.evaluate(RunBeforeTestClassCallbacks.java:61)
	at org.springframework.test.context.junit4.statements.RunAfterTestClassCallbacks.evaluate(RunAfterTestClassCallbacks.java:71)
	at org.junit.runners.ParentRunner.run(ParentRunner.java:309)
	at org.springframework.test.context.junit4.SpringJUnit4ClassRunner.run(SpringJUnit4ClassRunner.java:175)
	at org.eclipse.jdt.internal.junit4.runner.JUnit4TestReference.run(JUnit4TestReference.java:86)
	at org.eclipse.jdt.internal.junit.runner.TestExecution.run(TestExecution.java:38)
	at org.eclipse.jdt.internal.junit.runner.RemoteTestRunner.runTests(RemoteTestRunner.java:459)
	at org.eclipse.jdt.internal.junit.runner.RemoteTestRunner.runTests(RemoteTestRunner.java:678)
	at org.eclipse.jdt.internal.junit.runner.RemoteTestRunner.run(RemoteTestRunner.java:382)
	at org.eclipse.jdt.internal.junit.runner.RemoteTestRunner.main(RemoteTestRunner.java:192)
Caused by: org.springframework.beans.factory.BeanCreationException: Error creating bean with name 'com.yihg.jpush.JPushClientsService': Cannot resolve reference to bean 'jPushClientsService' while setting bean property 'ref'; nested exception is org.springframework.beans.factory.CannotLoadBeanClassException: Cannot find class [com.yihg.jpush.JPushClientsServiceImpl] for bean with name 'jPushClientsService' defined in class path resource [provider.xml]; nested exception is java.lang.ClassNotFoundException: com.yihg.jpush.JPushClientsServiceImpl
	at org.springframework.beans.factory.support.BeanDefinitionValueResolver.resolveReference(BeanDefinitionValueResolver.java:328)
	at org.springframework.beans.factory.support.BeanDefinitionValueResolver.resolveValueIfNecessary(BeanDefinitionValueResolver.java:107)
	at org.springframework.beans.factory.support.AbstractAutowireCapableBeanFactory.applyPropertyValues(AbstractAutowireCapableBeanFactory.java:1456)
	at org.springframework.beans.factory.support.AbstractAutowireCapableBeanFactory.populateBean(AbstractAutowireCapableBeanFactory.java:1197)
	at org.springframework.beans.factory.support.AbstractAutowireCapableBeanFactory.doCreateBean(AbstractAutowireCapableBeanFactory.java:537)
	at org.springframework.beans.factory.support.AbstractAutowireCapableBeanFactory.createBean(AbstractAutowireCapableBeanFactory.java:475)
	at org.springframework.beans.factory.support.AbstractBeanFactory$1.getObject(AbstractBeanFactory.java:304)
	at org.springframework.beans.factory.support.DefaultSingletonBeanRegistry.getSingleton(DefaultSingletonBeanRegistry.java:228)
	at org.springframework.beans.factory.support.AbstractBeanFactory.doGetBean(AbstractBeanFactory.java:300)
	at org.springframework.beans.factory.support.AbstractBeanFactory.getBean(AbstractBeanFactory.java:195)
	at org.springframework.beans.factory.support.DefaultListableBeanFactory.preInstantiateSingletons(DefaultListableBeanFactory.java:700)
	at org.springframework.context.support.AbstractApplicationContext.finishBeanFactoryInitialization(AbstractApplicationContext.java:760)
	at org.springframework.context.support.AbstractApplicationContext.refresh(AbstractApplicationContext.java:482)
	at org.springframework.test.context.support.AbstractGenericContextLoader.loadContext(AbstractGenericContextLoader.java:121)
	at org.springframework.test.context.support.AbstractGenericContextLoader.loadContext(AbstractGenericContextLoader.java:60)
	at org.springframework.test.context.support.AbstractDelegatingSmartContextLoader.delegateLoading(AbstractDelegatingSmartContextLoader.java:100)
	at org.springframework.test.context.support.AbstractDelegatingSmartContextLoader.loadContext(AbstractDelegatingSmartContextLoader.java:250)
	at org.springframework.test.context.CacheAwareContextLoaderDelegate.loadContextInternal(CacheAwareContextLoaderDelegate.java:64)
	at org.springframework.test.context.CacheAwareContextLoaderDelegate.loadContext(CacheAwareContextLoaderDelegate.java:91)
	... 25 more
Caused by: org.springframework.beans.factory.CannotLoadBeanClassException: Cannot find class [com.yihg.jpush.JPushClientsServiceImpl] for bean with name 'jPushClientsService' defined in class path resource [provider.xml]; nested exception is java.lang.ClassNotFoundException: com.yihg.jpush.JPushClientsServiceImpl
	at org.springframework.beans.factory.support.AbstractBeanFactory.resolveBeanClass(AbstractBeanFactory.java:1327)
	at org.springframework.beans.factory.support.AbstractAutowireCapableBeanFactory.createBean(AbstractAutowireCapableBeanFactory.java:452)
	at org.springframework.beans.factory.support.AbstractBeanFactory$1.getObject(AbstractBeanFactory.java:304)
	at org.springframework.beans.factory.support.DefaultSingletonBeanRegistry.getSingleton(DefaultSingletonBeanRegistry.java:228)
	at org.springframework.beans.factory.support.AbstractBeanFactory.doGetBean(AbstractBeanFactory.java:300)
	at org.springframework.beans.factory.support.AbstractBeanFactory.getBean(AbstractBeanFactory.java:195)
	at org.springframework.beans.factory.support.BeanDefinitionValueResolver.resolveReference(BeanDefinitionValueResolver.java:320)
	... 43 more
Caused by: java.lang.ClassNotFoundException: com.yihg.jpush.JPushClientsServiceImpl
	at java.net.URLClassLoader$1.run(URLClassLoader.java:366)
	at java.net.URLClassLoader$1.run(URLClassLoader.java:355)
	at java.security.AccessController.doPrivileged(Native Method)
	at java.net.URLClassLoader.findClass(URLClassLoader.java:354)
	at java.lang.ClassLoader.loadClass(ClassLoader.java:425)
	at sun.misc.Launcher$AppClassLoader.loadClass(Launcher.java:308)
	at java.lang.ClassLoader.loadClass(ClassLoader.java:358)
	at org.springframework.util.ClassUtils.forName(ClassUtils.java:236)
	at org.springframework.beans.factory.support.AbstractBeanDefinition.resolveBeanClass(AbstractBeanDefinition.java:392)
	at org.springframework.beans.factory.support.AbstractBeanFactory.doResolveBeanClass(AbstractBeanFactory.java:1348)
	at org.springframework.beans.factory.support.AbstractBeanFactory.resolveBeanClass(AbstractBeanFactory.java:1319)
	... 49 more
2016-10-18 15:09:09,048 INFO  [com.alibaba.dubbo.config.AbstractConfig:42]  [DUBBO] Run shutdown hook now., dubbo version: 2.5.3.3, current host: 127.0.0.1
2016-10-18 15:09:09,058 INFO  [com.alibaba.dubbo.registry.support.AbstractRegistryFactory:42]  [DUBBO] Close all registries [], dubbo version: 2.5.3.3, current host: 127.0.0.1
2016-10-18 15:29:51,296 INFO  [org.springframework.test.context.TestContextManager:234] Could not instantiate TestExecutionListener class [org.springframework.test.context.web.ServletTestExecutionListener]. Specify custom listener classes or make the default listener classes (and their dependencies) available.
2016-10-18 15:31:44,775 INFO  [org.springframework.test.context.TestContextManager:234] Could not instantiate TestExecutionListener class [org.springframework.test.context.web.ServletTestExecutionListener]. Specify custom listener classes or make the default listener classes (and their dependencies) available.
2016-10-18 15:37:44,951 INFO  [org.springframework.test.context.TestContextManager:234] Could not instantiate TestExecutionListener class [org.springframework.test.context.web.ServletTestExecutionListener]. Specify custom listener classes or make the default listener classes (and their dependencies) available.
2016-10-18 15:52:46,043 INFO  [org.springframework.test.context.TestContextManager:234] Could not instantiate TestExecutionListener class [org.springframework.test.context.web.ServletTestExecutionListener]. Specify custom listener classes or make the default listener classes (and their dependencies) available.
2016-10-18 15:52:46,150 INFO  [org.springframework.beans.factory.xml.XmlBeanDefinitionReader:316] Loading XML bean definitions from class path resource [applicationContext.xml]
2016-10-18 15:52:46,336 INFO  [org.springframework.beans.factory.xml.XmlBeanDefinitionReader:316] Loading XML bean definitions from class path resource [provider.xml]
2016-10-18 15:52:46,448 INFO  [com.alibaba.dubbo.common.logger.LoggerFactory:42] using logger: com.alibaba.dubbo.common.logger.slf4j.Slf4jLoggerAdapter
2016-10-18 15:52:46,503 INFO  [org.springframework.beans.factory.xml.XmlBeanDefinitionReader:316] Loading XML bean definitions from class path resource [daoContext.xml]
2016-10-18 15:52:46,546 INFO  [org.springframework.beans.factory.xml.XmlBeanDefinitionReader:316] Loading XML bean definitions from class path resource [beans.xml]
2016-10-18 15:52:46,563 INFO  [org.springframework.context.support.GenericApplicationContext:513] Refreshing org.springframework.context.support.GenericApplicationContext@6638c07a: startup date [Tue Oct 18 15:52:46 CST 2016]; root of context hierarchy
2016-10-18 15:52:46,720 INFO  [org.springframework.context.support.PropertySourcesPlaceholderConfigurer:172] Loading properties file from URL [file:/F:/giteclipse/erpcenter/erpcenterDAL-basic/target/classes/dubboConf.properties]
2016-10-18 15:52:46,725 INFO  [org.springframework.context.support.PropertySourcesPlaceholderConfigurer:172] Loading properties file from URL [file:/F:/giteclipse/erpcenter/erpcenterDAL-basic/target/classes/jdbc.properties]
2016-10-18 15:52:46,979 ERROR [org.springframework.test.context.TestContextManager:322] Caught exception while allowing TestExecutionListener [org.springframework.test.context.support.DependencyInjectionTestExecutionListener@631bfb7e] to prepare test instance [com.yimayhd.erpcenter.dal.basic.AirLineServiceTest@421c4007]
java.lang.IllegalStateException: Failed to load ApplicationContext
	at org.springframework.test.context.CacheAwareContextLoaderDelegate.loadContext(CacheAwareContextLoaderDelegate.java:99)
	at org.springframework.test.context.DefaultTestContext.getApplicationContext(DefaultTestContext.java:101)
	at org.springframework.test.context.support.DependencyInjectionTestExecutionListener.injectDependencies(DependencyInjectionTestExecutionListener.java:109)
	at org.springframework.test.context.support.DependencyInjectionTestExecutionListener.prepareTestInstance(DependencyInjectionTestExecutionListener.java:75)
	at org.springframework.test.context.TestContextManager.prepareTestInstance(TestContextManager.java:319)
	at org.springframework.test.context.junit4.SpringJUnit4ClassRunner.createTest(SpringJUnit4ClassRunner.java:212)
	at org.springframework.test.context.junit4.SpringJUnit4ClassRunner$1.runReflectiveCall(SpringJUnit4ClassRunner.java:289)
	at org.junit.internal.runners.model.ReflectiveCallable.run(ReflectiveCallable.java:12)
	at org.springframework.test.context.junit4.SpringJUnit4ClassRunner.methodBlock(SpringJUnit4ClassRunner.java:291)
	at org.springframework.test.context.junit4.SpringJUnit4ClassRunner.runChild(SpringJUnit4ClassRunner.java:232)
	at org.springframework.test.context.junit4.SpringJUnit4ClassRunner.runChild(SpringJUnit4ClassRunner.java:89)
	at org.junit.runners.ParentRunner$3.run(ParentRunner.java:238)
	at org.junit.runners.ParentRunner$1.schedule(ParentRunner.java:63)
	at org.junit.runners.ParentRunner.runChildren(ParentRunner.java:236)
	at org.junit.runners.ParentRunner.access$000(ParentRunner.java:53)
	at org.junit.runners.ParentRunner$2.evaluate(ParentRunner.java:229)
	at org.springframework.test.context.junit4.statements.RunBeforeTestClassCallbacks.evaluate(RunBeforeTestClassCallbacks.java:61)
	at org.springframework.test.context.junit4.statements.RunAfterTestClassCallbacks.evaluate(RunAfterTestClassCallbacks.java:71)
	at org.junit.runners.ParentRunner.run(ParentRunner.java:309)
	at org.springframework.test.context.junit4.SpringJUnit4ClassRunner.run(SpringJUnit4ClassRunner.java:175)
	at org.eclipse.jdt.internal.junit4.runner.JUnit4TestReference.run(JUnit4TestReference.java:86)
	at org.eclipse.jdt.internal.junit.runner.TestExecution.run(TestExecution.java:38)
	at org.eclipse.jdt.internal.junit.runner.RemoteTestRunner.runTests(RemoteTestRunner.java:459)
	at org.eclipse.jdt.internal.junit.runner.RemoteTestRunner.runTests(RemoteTestRunner.java:678)
	at org.eclipse.jdt.internal.junit.runner.RemoteTestRunner.run(RemoteTestRunner.java:382)
	at org.eclipse.jdt.internal.junit.runner.RemoteTestRunner.main(RemoteTestRunner.java:192)
Caused by: org.springframework.beans.factory.BeanCreationException: Error creating bean with name 'com.yihg.jpush.JPushClientsService': Cannot resolve reference to bean 'jPushClientsService' while setting bean property 'ref'; nested exception is org.springframework.beans.factory.CannotLoadBeanClassException: Cannot find class [com.yihg.jpush.JPushClientsServiceImpl] for bean with name 'jPushClientsService' defined in class path resource [provider.xml]; nested exception is java.lang.ClassNotFoundException: com.yihg.jpush.JPushClientsServiceImpl
	at org.springframework.beans.factory.support.BeanDefinitionValueResolver.resolveReference(BeanDefinitionValueResolver.java:328)
	at org.springframework.beans.factory.support.BeanDefinitionValueResolver.resolveValueIfNecessary(BeanDefinitionValueResolver.java:107)
	at org.springframework.beans.factory.support.AbstractAutowireCapableBeanFactory.applyPropertyValues(AbstractAutowireCapableBeanFactory.java:1456)
	at org.springframework.beans.factory.support.AbstractAutowireCapableBeanFactory.populateBean(AbstractAutowireCapableBeanFactory.java:1197)
	at org.springframework.beans.factory.support.AbstractAutowireCapableBeanFactory.doCreateBean(AbstractAutowireCapableBeanFactory.java:537)
	at org.springframework.beans.factory.support.AbstractAutowireCapableBeanFactory.createBean(AbstractAutowireCapableBeanFactory.java:475)
	at org.springframework.beans.factory.support.AbstractBeanFactory$1.getObject(AbstractBeanFactory.java:304)
	at org.springframework.beans.factory.support.DefaultSingletonBeanRegistry.getSingleton(DefaultSingletonBeanRegistry.java:228)
	at org.springframework.beans.factory.support.AbstractBeanFactory.doGetBean(AbstractBeanFactory.java:300)
	at org.springframework.beans.factory.support.AbstractBeanFactory.getBean(AbstractBeanFactory.java:195)
	at org.springframework.beans.factory.support.DefaultListableBeanFactory.preInstantiateSingletons(DefaultListableBeanFactory.java:700)
	at org.springframework.context.support.AbstractApplicationContext.finishBeanFactoryInitialization(AbstractApplicationContext.java:760)
	at org.springframework.context.support.AbstractApplicationContext.refresh(AbstractApplicationContext.java:482)
	at org.springframework.test.context.support.AbstractGenericContextLoader.loadContext(AbstractGenericContextLoader.java:121)
	at org.springframework.test.context.support.AbstractGenericContextLoader.loadContext(AbstractGenericContextLoader.java:60)
	at org.springframework.test.context.support.AbstractDelegatingSmartContextLoader.delegateLoading(AbstractDelegatingSmartContextLoader.java:100)
	at org.springframework.test.context.support.AbstractDelegatingSmartContextLoader.loadContext(AbstractDelegatingSmartContextLoader.java:250)
	at org.springframework.test.context.CacheAwareContextLoaderDelegate.loadContextInternal(CacheAwareContextLoaderDelegate.java:64)
	at org.springframework.test.context.CacheAwareContextLoaderDelegate.loadContext(CacheAwareContextLoaderDelegate.java:91)
	... 25 more
Caused by: org.springframework.beans.factory.CannotLoadBeanClassException: Cannot find class [com.yihg.jpush.JPushClientsServiceImpl] for bean with name 'jPushClientsService' defined in class path resource [provider.xml]; nested exception is java.lang.ClassNotFoundException: com.yihg.jpush.JPushClientsServiceImpl
	at org.springframework.beans.factory.support.AbstractBeanFactory.resolveBeanClass(AbstractBeanFactory.java:1327)
	at org.springframework.beans.factory.support.AbstractAutowireCapableBeanFactory.createBean(AbstractAutowireCapableBeanFactory.java:452)
	at org.springframework.beans.factory.support.AbstractBeanFactory$1.getObject(AbstractBeanFactory.java:304)
	at org.springframework.beans.factory.support.DefaultSingletonBeanRegistry.getSingleton(DefaultSingletonBeanRegistry.java:228)
	at org.springframework.beans.factory.support.AbstractBeanFactory.doGetBean(AbstractBeanFactory.java:300)
	at org.springframework.beans.factory.support.AbstractBeanFactory.getBean(AbstractBeanFactory.java:195)
	at org.springframework.beans.factory.support.BeanDefinitionValueResolver.resolveReference(BeanDefinitionValueResolver.java:320)
	... 43 more
Caused by: java.lang.ClassNotFoundException: com.yihg.jpush.JPushClientsServiceImpl
	at java.net.URLClassLoader$1.run(URLClassLoader.java:366)
	at java.net.URLClassLoader$1.run(URLClassLoader.java:355)
	at java.security.AccessController.doPrivileged(Native Method)
	at java.net.URLClassLoader.findClass(URLClassLoader.java:354)
	at java.lang.ClassLoader.loadClass(ClassLoader.java:425)
	at sun.misc.Launcher$AppClassLoader.loadClass(Launcher.java:308)
	at java.lang.ClassLoader.loadClass(ClassLoader.java:358)
	at org.springframework.util.ClassUtils.forName(ClassUtils.java:236)
	at org.springframework.beans.factory.support.AbstractBeanDefinition.resolveBeanClass(AbstractBeanDefinition.java:392)
	at org.springframework.beans.factory.support.AbstractBeanFactory.doResolveBeanClass(AbstractBeanFactory.java:1348)
	at org.springframework.beans.factory.support.AbstractBeanFactory.resolveBeanClass(AbstractBeanFactory.java:1319)
	... 49 more
2016-10-18 15:52:47,093 INFO  [com.alibaba.dubbo.config.AbstractConfig:42]  [DUBBO] Run shutdown hook now., dubbo version: 2.5.3.3, current host: 127.0.0.1
2016-10-18 15:52:47,101 INFO  [com.alibaba.dubbo.registry.support.AbstractRegistryFactory:42]  [DUBBO] Close all registries [], dubbo version: 2.5.3.3, current host: 127.0.0.1
2016-10-18 15:55:11,233 INFO  [org.springframework.test.context.TestContextManager:234] Could not instantiate TestExecutionListener class [org.springframework.test.context.web.ServletTestExecutionListener]. Specify custom listener classes or make the default listener classes (and their dependencies) available.
2016-10-18 15:55:11,338 INFO  [org.springframework.beans.factory.xml.XmlBeanDefinitionReader:316] Loading XML bean definitions from class path resource [applicationContext.xml]
2016-10-18 15:55:11,515 INFO  [org.springframework.beans.factory.xml.XmlBeanDefinitionReader:316] Loading XML bean definitions from class path resource [daoContext.xml]
2016-10-18 15:55:11,580 INFO  [org.springframework.beans.factory.xml.XmlBeanDefinitionReader:316] Loading XML bean definitions from class path resource [beans.xml]
2016-10-18 15:55:11,599 INFO  [org.springframework.context.support.GenericApplicationContext:513] Refreshing org.springframework.context.support.GenericApplicationContext@6be05ef2: startup date [Tue Oct 18 15:55:11 CST 2016]; root of context hierarchy
2016-10-18 15:55:11,721 INFO  [org.springframework.context.support.PropertySourcesPlaceholderConfigurer:172] Loading properties file from URL [file:/F:/giteclipse/erpcenter/erpcenterDAL-basic/target/classes/jdbc.properties]
2016-10-18 15:55:12,069 INFO  [com.alibaba.druid.pool.DruidDataSource:638] {dataSource-1} inited
2016-10-18 15:55:12,647 ERROR [org.springframework.test.context.TestContextManager:322] Caught exception while allowing TestExecutionListener [org.springframework.test.context.support.DependencyInjectionTestExecutionListener@3f0904c4] to prepare test instance [com.yimayhd.erpcenter.dal.basic.AirLineServiceTest@69180030]
org.springframework.beans.factory.BeanCreationException: Error creating bean with name 'com.yimayhd.erpcenter.dal.basic.AirLineServiceTest': Injection of resource dependencies failed; nested exception is org.springframework.beans.factory.NoSuchBeanDefinitionException: No qualifying bean of type [com.yimayhd.erpcenter.dal.basic.service.AirLineDal] found for dependency: expected at least 1 bean which qualifies as autowire candidate for this dependency. Dependency annotations: {@javax.annotation.Resource(shareable=true, mappedName=, type=class java.lang.Object, authenticationType=CONTAINER, lookup=, description=, name=)}
	at org.springframework.context.annotation.CommonAnnotationBeanPostProcessor.postProcessPropertyValues(CommonAnnotationBeanPostProcessor.java:307)
	at org.springframework.beans.factory.support.AbstractAutowireCapableBeanFactory.populateBean(AbstractAutowireCapableBeanFactory.java:1185)
	at org.springframework.beans.factory.support.AbstractAutowireCapableBeanFactory.autowireBeanProperties(AbstractAutowireCapableBeanFactory.java:384)
	at org.springframework.test.context.support.DependencyInjectionTestExecutionListener.injectDependencies(DependencyInjectionTestExecutionListener.java:110)
	at org.springframework.test.context.support.DependencyInjectionTestExecutionListener.prepareTestInstance(DependencyInjectionTestExecutionListener.java:75)
	at org.springframework.test.context.TestContextManager.prepareTestInstance(TestContextManager.java:319)
	at org.springframework.test.context.junit4.SpringJUnit4ClassRunner.createTest(SpringJUnit4ClassRunner.java:212)
	at org.springframework.test.context.junit4.SpringJUnit4ClassRunner$1.runReflectiveCall(SpringJUnit4ClassRunner.java:289)
	at org.junit.internal.runners.model.ReflectiveCallable.run(ReflectiveCallable.java:12)
	at org.springframework.test.context.junit4.SpringJUnit4ClassRunner.methodBlock(SpringJUnit4ClassRunner.java:291)
	at org.springframework.test.context.junit4.SpringJUnit4ClassRunner.runChild(SpringJUnit4ClassRunner.java:232)
	at org.springframework.test.context.junit4.SpringJUnit4ClassRunner.runChild(SpringJUnit4ClassRunner.java:89)
	at org.junit.runners.ParentRunner$3.run(ParentRunner.java:238)
	at org.junit.runners.ParentRunner$1.schedule(ParentRunner.java:63)
	at org.junit.runners.ParentRunner.runChildren(ParentRunner.java:236)
	at org.junit.runners.ParentRunner.access$000(ParentRunner.java:53)
	at org.junit.runners.ParentRunner$2.evaluate(ParentRunner.java:229)
	at org.springframework.test.context.junit4.statements.RunBeforeTestClassCallbacks.evaluate(RunBeforeTestClassCallbacks.java:61)
	at org.springframework.test.context.junit4.statements.RunAfterTestClassCallbacks.evaluate(RunAfterTestClassCallbacks.java:71)
	at org.junit.runners.ParentRunner.run(ParentRunner.java:309)
	at org.springframework.test.context.junit4.SpringJUnit4ClassRunner.run(SpringJUnit4ClassRunner.java:175)
	at org.eclipse.jdt.internal.junit4.runner.JUnit4TestReference.run(JUnit4TestReference.java:86)
	at org.eclipse.jdt.internal.junit.runner.TestExecution.run(TestExecution.java:38)
	at org.eclipse.jdt.internal.junit.runner.RemoteTestRunner.runTests(RemoteTestRunner.java:459)
	at org.eclipse.jdt.internal.junit.runner.RemoteTestRunner.runTests(RemoteTestRunner.java:678)
	at org.eclipse.jdt.internal.junit.runner.RemoteTestRunner.run(RemoteTestRunner.java:382)
	at org.eclipse.jdt.internal.junit.runner.RemoteTestRunner.main(RemoteTestRunner.java:192)
Caused by: org.springframework.beans.factory.NoSuchBeanDefinitionException: No qualifying bean of type [com.yimayhd.erpcenter.dal.basic.service.AirLineDal] found for dependency: expected at least 1 bean which qualifies as autowire candidate for this dependency. Dependency annotations: {@javax.annotation.Resource(shareable=true, mappedName=, type=class java.lang.Object, authenticationType=CONTAINER, lookup=, description=, name=)}
	at org.springframework.beans.factory.support.DefaultListableBeanFactory.raiseNoSuchBeanDefinitionException(DefaultListableBeanFactory.java:1100)
	at org.springframework.beans.factory.support.DefaultListableBeanFactory.doResolveDependency(DefaultListableBeanFactory.java:960)
	at org.springframework.beans.factory.support.DefaultListableBeanFactory.resolveDependency(DefaultListableBeanFactory.java:855)
	at org.springframework.context.annotation.CommonAnnotationBeanPostProcessor.autowireResource(CommonAnnotationBeanPostProcessor.java:441)
	at org.springframework.context.annotation.CommonAnnotationBeanPostProcessor.getResource(CommonAnnotationBeanPostProcessor.java:419)
	at org.springframework.context.annotation.CommonAnnotationBeanPostProcessor$ResourceElement.getResourceToInject(CommonAnnotationBeanPostProcessor.java:544)
	at org.springframework.beans.factory.annotation.InjectionMetadata$InjectedElement.inject(InjectionMetadata.java:155)
	at org.springframework.beans.factory.annotation.InjectionMetadata.inject(InjectionMetadata.java:87)
	at org.springframework.context.annotation.CommonAnnotationBeanPostProcessor.postProcessPropertyValues(CommonAnnotationBeanPostProcessor.java:304)
	... 26 more
2016-10-18 15:55:12,653 INFO  [org.springframework.context.support.GenericApplicationContext:873] Closing org.springframework.context.support.GenericApplicationContext@6be05ef2: startup date [Tue Oct 18 15:55:11 CST 2016]; root of context hierarchy
2016-10-18 15:55:12,657 INFO  [com.alibaba.druid.pool.DruidDataSource:1288] {dataSource-1} closed
2016-10-18 16:00:57,408 INFO  [org.springframework.test.context.TestContextManager:234] Could not instantiate TestExecutionListener class [org.springframework.test.context.web.ServletTestExecutionListener]. Specify custom listener classes or make the default listener classes (and their dependencies) available.
2016-10-18 16:00:57,519 INFO  [org.springframework.beans.factory.xml.XmlBeanDefinitionReader:316] Loading XML bean definitions from class path resource [applicationContext.xml]
2016-10-18 16:00:57,702 INFO  [org.springframework.beans.factory.xml.XmlBeanDefinitionReader:316] Loading XML bean definitions from class path resource [daoContext.xml]
2016-10-18 16:00:57,769 INFO  [org.springframework.beans.factory.xml.XmlBeanDefinitionReader:316] Loading XML bean definitions from class path resource [beans.xml]
2016-10-18 16:00:57,788 INFO  [org.springframework.context.support.GenericApplicationContext:513] Refreshing org.springframework.context.support.GenericApplicationContext@4c418cf: startup date [Tue Oct 18 16:00:57 CST 2016]; root of context hierarchy
2016-10-18 16:00:57,904 INFO  [org.springframework.context.support.PropertySourcesPlaceholderConfigurer:172] Loading properties file from URL [file:/F:/giteclipse/erpcenter/erpcenterDAL-basic/target/classes/jdbc.properties]
2016-10-18 16:00:58,249 INFO  [com.alibaba.druid.pool.DruidDataSource:638] {dataSource-1} inited
2016-10-18 16:01:18,080 ERROR [com.yimayhd.erpcenter.dal.basic.service.impl.AirLineDalImpl:184] Key name of bc result from juhe changed
2016-10-18 16:01:18,111 ERROR [com.yimayhd.erpcenter.dal.basic.service.impl.AirLineDalImpl:184] Key name of bc result from juhe changed
2016-10-18 16:01:18,158 ERROR [com.yimayhd.erpcenter.dal.basic.service.impl.AirLineDalImpl:184] Key name of bc result from juhe changed
2016-10-18 16:01:18,182 ERROR [com.yimayhd.erpcenter.dal.basic.service.impl.AirLineDalImpl:184] Key name of bc result from juhe changed
2016-10-18 16:01:18,244 ERROR [com.yimayhd.erpcenter.dal.basic.service.impl.AirLineDalImpl:184] Key name of bc result from juhe changed
2016-10-18 16:01:18,301 ERROR [com.yimayhd.erpcenter.dal.basic.service.impl.AirLineDalImpl:184] Key name of bc result from juhe changed
2016-10-18 16:02:15,443 INFO  [org.springframework.context.support.GenericApplicationContext:873] Closing org.springframework.context.support.GenericApplicationContext@4c418cf: startup date [Tue Oct 18 16:00:57 CST 2016]; root of context hierarchy
2016-10-18 16:02:15,454 INFO  [com.alibaba.druid.pool.DruidDataSource:1288] {dataSource-1} closed
